<?xml version="1.0" encoding="UTF-8"?>
<testsuite xmlns:xsi="http://www.w3.org/2001/XMLSchema-instance" xsi:noNamespaceSchemaLocation="https://maven.apache.org/surefire/maven-surefire-plugin/xsd/surefire-test-report.xsd" version="3.0.1" name="com.mycompany.app.ProgramTest" time="0.478" tests="21" errors="0" skipped="0" failures="0">
  <properties>
    <property name="sun.desktop" value="windows"/>
    <property name="awt.toolkit" value="sun.awt.windows.WToolkit"/>
    <property name="java.specification.version" value="11"/>
    <property name="sun.cpu.isalist" value="amd64"/>
    <property name="sun.jnu.encoding" value="Cp1251"/>
    <property name="java.class.path" value="C:\Users\ivank\Desktop\testing\ST-6\my-app\target\test-classes;C:\Users\ivank\Desktop\testing\ST-6\my-app\target\classes;C:\Users\ivank\.m2\repository\org\junit\jupiter\junit-jupiter-api\5.11.0\junit-jupiter-api-5.11.0.jar;C:\Users\ivank\.m2\repository\org\opentest4j\opentest4j\1.3.0\opentest4j-1.3.0.jar;C:\Users\ivank\.m2\repository\org\junit\platform\junit-platform-commons\1.11.0\junit-platform-commons-1.11.0.jar;C:\Users\ivank\.m2\repository\org\apiguardian\apiguardian-api\1.1.2\apiguardian-api-1.1.2.jar;C:\Users\ivank\.m2\repository\org\junit\jupiter\junit-jupiter-params\5.11.0\junit-jupiter-params-5.11.0.jar;C:\Users\ivank\.m2\repository\org\junit\jupiter\junit-jupiter-engine\5.11.0\junit-jupiter-engine-5.11.0.jar;C:\Users\ivank\.m2\repository\org\junit\platform\junit-platform-engine\1.11.0\junit-platform-engine-1.11.0.jar;"/>
    <property name="sun.awt.enableExtraMouseButtons" value="true"/>
    <property name="java.vm.vendor" value="Eclipse Adoptium"/>
    <property name="sun.arch.data.model" value="64"/>
    <property name="user.variant" value=""/>
    <property name="java.vendor.url" value="https://adoptium.net/"/>
    <property name="user.timezone" value="Europe/Moscow"/>
    <property name="java.vm.specification.version" value="11"/>
    <property name="os.name" value="Windows 11"/>
    <property name="sun.java.launcher" value="SUN_STANDARD"/>
    <property name="user.country" value="RU"/>
    <property name="sun.boot.library.path" value="C:\Program Files\Eclipse Adoptium\jdk-11.0.26.4-hotspot\bin"/>
    <property name="sun.java.command" value="C:\Users\ivank\AppData\Local\Temp\surefire11239467312125731682\surefirebooter-20250504194546057_3.jar C:\Users\ivank\AppData\Local\Temp\surefire11239467312125731682 2025-05-04T19-45-45_892-jvmRun1 surefire-20250504194546057_1tmp surefire_0-20250504194546057_2tmp"/>
    <property name="jdk.debug" value="release"/>
    <property name="surefire.test.class.path" value="C:\Users\ivank\Desktop\testing\ST-6\my-app\target\test-classes;C:\Users\ivank\Desktop\testing\ST-6\my-app\target\classes;C:\Users\ivank\.m2\repository\org\junit\jupiter\junit-jupiter-api\5.11.0\junit-jupiter-api-5.11.0.jar;C:\Users\ivank\.m2\repository\org\opentest4j\opentest4j\1.3.0\opentest4j-1.3.0.jar;C:\Users\ivank\.m2\repository\org\junit\platform\junit-platform-commons\1.11.0\junit-platform-commons-1.11.0.jar;C:\Users\ivank\.m2\repository\org\apiguardian\apiguardian-api\1.1.2\apiguardian-api-1.1.2.jar;C:\Users\ivank\.m2\repository\org\junit\jupiter\junit-jupiter-params\5.11.0\junit-jupiter-params-5.11.0.jar;C:\Users\ivank\.m2\repository\org\junit\jupiter\junit-jupiter-engine\5.11.0\junit-jupiter-engine-5.11.0.jar;C:\Users\ivank\.m2\repository\org\junit\platform\junit-platform-engine\1.11.0\junit-platform-engine-1.11.0.jar;"/>
    <property name="sun.cpu.endian" value="little"/>
    <property name="user.home" value="C:\Users\ivank"/>
    <property name="user.language" value="ru"/>
    <property name="java.specification.vendor" value="Oracle Corporation"/>
    <property name="java.version.date" value="2025-01-21"/>
    <property name="java.home" value="C:\Program Files\Eclipse Adoptium\jdk-11.0.26.4-hotspot"/>
    <property name="file.separator" value="\"/>
    <property name="basedir" value="C:\Users\ivank\Desktop\testing\ST-6\my-app"/>
    <property name="java.vm.compressedOopsMode" value="Zero based"/>
    <property name="line.separator" value="&#10;"/>
    <property name="java.specification.name" value="Java Platform API Specification"/>
    <property name="java.vm.specification.vendor" value="Oracle Corporation"/>
    <property name="java.awt.graphicsenv" value="sun.awt.Win32GraphicsEnvironment"/>
    <property name="surefire.real.class.path" value="C:\Users\ivank\AppData\Local\Temp\surefire11239467312125731682\surefirebooter-20250504194546057_3.jar"/>
    <property name="user.script" value=""/>
    <property name="sun.management.compiler" value="HotSpot 64-Bit Tiered Compilers"/>
    <property name="java.runtime.version" value="11.0.26+4"/>
    <property name="user.name" value="ivank"/>
    <property name="path.separator" value=";"/>
    <property name="os.version" value="10.0"/>
    <property name="java.runtime.name" value="OpenJDK Runtime Environment"/>
    <property name="file.encoding" value="Cp1251"/>
    <property name="java.vm.name" value="OpenJDK 64-Bit Server VM"/>
    <property name="java.vendor.version" value="Temurin-11.0.26+4"/>
    <property name="localRepository" value="C:\Users\ivank\.m2\repository"/>
    <property name="java.vendor.url.bug" value="https://github.com/adoptium/adoptium-support/issues"/>
    <property name="java.io.tmpdir" value="C:\Users\ivank\AppData\Local\Temp\"/>
    <property name="java.version" value="11.0.26"/>
    <property name="user.dir" value="C:\Users\ivank\Desktop\testing\ST-6\my-app"/>
    <property name="os.arch" value="amd64"/>
    <property name="java.vm.specification.name" value="Java Virtual Machine Specification"/>
    <property name="java.awt.printerjob" value="sun.awt.windows.WPrinterJob"/>
    <property name="sun.os.patch.level" value=""/>
    <property name="java.library.path" value="C:\Program Files\Eclipse Adoptium\jdk-11.0.26.4-hotspot\bin;C:\WINDOWS\Sun\Java\bin;C:\WINDOWS\system32;C:\WINDOWS;C:\Users\ivank\bin;E:\Git\mingw64\bin;E:\Git\usr\local\bin;E:\Git\usr\bin;E:\Git\usr\bin;E:\Git\mingw64\bin;E:\Git\usr\bin;C:\Users\ivank\bin;C:\Program Files\Eclipse Adoptium\jdk-11.0.26.4-hotspot\bin;C:\texlive\2024\bin\windows;C:\Program Files\Microsoft MPI\Bin;C:\WINDOWS\system32;C:\WINDOWS;C:\WINDOWS\System32\Wbem;C:\WINDOWS\System32\WindowsPowerShell\v1.0;C:\WINDOWS\System32\OpenSSH;C:\Program Files (x86)\Windows Kits\10\Windows Performance Toolkit;E:\Git\cmd;C:\Program Files\dotnet;C:\Program Files\CMake\bin;C:\Program Files\nodejs;C:\ProgramData\chocolatey\bin;C:\Program Files\MiKTeX\miktex\bin\x64;C:\ProgramData\chocolatey\lib\maven\apache-maven-3.9.9\bin;C:\Program Files\Eclipse Adoptium\jdk-11.0.26.4-hotspot\bin;C:\Users\ivank\AppData\Local\Programs\Python\Launcher;C:\Users\ivank\AppData\Local\Microsoft\WindowsApps;C:\Users\ivank\.dotnet\tools;C:\Users\ivank\AppData\Local\Programs\Microsoft VS Code\bin;C:\Users\ivank\AppData\Roaming\npm;C:\Users\ivank\AppData\Local\Programs\MiKTeX\miktex\bin\x64;C:\Program Files\JetBrains\IntelliJ IDEA Community Edition 2025.1\bin;C:\Program Files\JetBrains\PyCharm 2025.1\bin;E:\Git\usr\bin\vendor_perl;E:\Git\usr\bin\core_perl;."/>
    <property name="java.vm.info" value="mixed mode"/>
    <property name="java.vendor" value="Eclipse Adoptium"/>
    <property name="java.vm.version" value="11.0.26+4"/>
    <property name="java.specification.maintenance.version" value="3"/>
    <property name="sun.io.unicode.encoding" value="UnicodeLittle"/>
    <property name="java.class.version" value="55.0"/>
  </properties>
  <testcase name="testCellsAreTicTacToeCells" classname="com.mycompany.app.ProgramTest" time="0.114"/>
  <testcase name="testMiniMaxWithOnePossibleMove" classname="com.mycompany.app.ProgramTest" time="0.003">
    <system-out><![CDATA[
minimax:   8(0) 
minimax best:   8(0) Steps counted: 0]]></system-out>
  </testcase>
  <testcase name="testEvaluateWinForPlayerX" classname="com.mycompany.app.ProgramTest" time="0.001"/>
  <testcase name="testCheckStateDraw" classname="com.mycompany.app.ProgramTest" time="0.002"/>
  <testcase name="testCheckStateOWin" classname="com.mycompany.app.ProgramTest" time="0.0"/>
  <testcase name="testCheckStateXWin" classname="com.mycompany.app.ProgramTest" time="0.0"/>
  <testcase name="testMinMaxWithEmptyBoard" classname="com.mycompany.app.ProgramTest" time="0.059">
    <system-out><![CDATA[
minimax:   1(0) 
minimax:   2(0) 
minimax:   3(0) 
minimax:   4(0) 
minimax:   5(0) 
minimax:   6(0) 
minimax:   7(0) 
minimax:   8(0) 
minimax:   9(0) 
minimax best:   5(0) Steps counted: 294777]]></system-out>
  </testcase>
  <testcase name="testMainExecutionNoCrash" classname="com.mycompany.app.ProgramTest" time="0.112"/>
  <testcase name="testCellClickSetsMarker" classname="com.mycompany.app.ProgramTest" time="0.147">
    <system-out><![CDATA[
minimax:   2(-100) 
minimax:   3(-100) 
minimax:   4(-100) 
minimax:   5(0) 
minimax:   6(-100) 
minimax:   7(-100) 
minimax:   8(-100) 
minimax:   9(-100) 
minimax best:   5(0) Steps counted: 31972]]></system-out>
  </testcase>
  <testcase name="testGenerateMoves" classname="com.mycompany.app.ProgramTest" time="0.001"/>
  <testcase name="testGenerateMovesNoMovesLeft" classname="com.mycompany.app.ProgramTest" time="0.0"/>
  <testcase name="testPanelInitialization" classname="com.mycompany.app.ProgramTest" time="0.001"/>
  <testcase name="testMinMoveAndMaxMoveReturnReasonableValues" classname="com.mycompany.app.ProgramTest" time="0.0"/>
  <testcase name="testCheckStateStillPlaying" classname="com.mycompany.app.ProgramTest" time="0.0"/>
  <testcase name="testInitialGameState" classname="com.mycompany.app.ProgramTest" time="0.001"/>
  <testcase name="testEvaluateWinForOpponent" classname="com.mycompany.app.ProgramTest" time="0.001"/>
  <testcase name="printMoveListTest" classname="com.mycompany.app.ProgramTest" time="0.002">
    <system-out><![CDATA[
4-7-9-
]]></system-out>
  </testcase>
  <testcase name="printIntegerArrayTest" classname="com.mycompany.app.ProgramTest" time="0.001">
    <system-out><![CDATA[
9-8-7-6-5-4-3-2-1-
]]></system-out>
  </testcase>
  <testcase name="printCharArrayTest" classname="com.mycompany.app.ProgramTest" time="0.001">
    <system-out><![CDATA[
O-X-O- -X- -X- -O-
]]></system-out>
  </testcase>
  <testcase name="testEvaluateDraw" classname="com.mycompany.app.ProgramTest" time="0.0"/>
  <testcase name="testMinimaxReturnsValidMove" classname="com.mycompany.app.ProgramTest" time="0.001">
    <system-out><![CDATA[
minimax:   4(100) 
minimax:   6(-100) 
minimax:   8(100) 
minimax:   9(-100) 
minimax best:   4(100) Steps counted: 16]]></system-out>
  </testcase>
</testsuite>