<?xml version="1.0" encoding="UTF-8"?>
<testsuite xmlns:xsi="http://www.w3.org/2001/XMLSchema-instance" xsi:noNamespaceSchemaLocation="https://maven.apache.org/surefire/maven-surefire-plugin/xsd/surefire-test-report.xsd" version="3.0.1" name="com.mycompany.app.GameTest" time="0.106" tests="7" errors="0" skipped="0" failures="0">
  <properties>
    <property name="java.specification.version" value="20"/>
    <property name="sun.cpu.isalist" value="amd64"/>
    <property name="sun.jnu.encoding" value="Cp1251"/>
    <property name="sun.awt.enableExtraMouseButtons" value="true"/>
    <property name="java.class.path" value="C:\sema\ST-6\my-app\target\test-classes;C:\sema\ST-6\my-app\target\classes;C:\Users\user\.m2\repository\org\junit\jupiter\junit-jupiter-api\5.11.0\junit-jupiter-api-5.11.0.jar;C:\Users\user\.m2\repository\org\opentest4j\opentest4j\1.3.0\opentest4j-1.3.0.jar;C:\Users\user\.m2\repository\org\junit\platform\junit-platform-commons\1.11.0\junit-platform-commons-1.11.0.jar;C:\Users\user\.m2\repository\org\apiguardian\apiguardian-api\1.1.2\apiguardian-api-1.1.2.jar;C:\Users\user\.m2\repository\org\junit\jupiter\junit-jupiter-params\5.11.0\junit-jupiter-params-5.11.0.jar;"/>
    <property name="java.vm.vendor" value="Oracle Corporation"/>
    <property name="sun.arch.data.model" value="64"/>
    <property name="user.variant" value=""/>
    <property name="java.vendor.url" value="https://java.oracle.com/"/>
    <property name="mvnd.terminalWidth" value="108"/>
    <property name="user.timezone" value="Europe/Moscow"/>
    <property name="os.name" value="Windows 11"/>
    <property name="java.vm.specification.version" value="20"/>
    <property name="sun.java.launcher" value="SUN_STANDARD"/>
    <property name="user.country" value="RU"/>
    <property name="sun.boot.library.path" value="C:\Users\user\.jdks\openjdk-20.0.2\bin"/>
    <property name="sun.java.command" value="C:\Users\user\AppData\Local\Temp\surefire3931455358280965791\surefirebooter-20250428152924054_29.jar C:\Users\user\AppData\Local\Temp\surefire3931455358280965791 2025-04-28T14-58-21_174-jvmRun1 surefire-20250428152924054_27tmp surefire_6-20250428152924054_28tmp"/>
    <property name="jdk.debug" value="release"/>
    <property name="surefire.test.class.path" value="C:\sema\ST-6\my-app\target\test-classes;C:\sema\ST-6\my-app\target\classes;C:\Users\user\.m2\repository\org\junit\jupiter\junit-jupiter-api\5.11.0\junit-jupiter-api-5.11.0.jar;C:\Users\user\.m2\repository\org\opentest4j\opentest4j\1.3.0\opentest4j-1.3.0.jar;C:\Users\user\.m2\repository\org\junit\platform\junit-platform-commons\1.11.0\junit-platform-commons-1.11.0.jar;C:\Users\user\.m2\repository\org\apiguardian\apiguardian-api\1.1.2\apiguardian-api-1.1.2.jar;C:\Users\user\.m2\repository\org\junit\jupiter\junit-jupiter-params\5.11.0\junit-jupiter-params-5.11.0.jar;"/>
    <property name="sun.cpu.endian" value="little"/>
    <property name="user.home" value="C:\Users\user"/>
    <property name="user.language" value="ru"/>
    <property name="java.specification.vendor" value="Oracle Corporation"/>
    <property name="java.version.date" value="2023-07-18"/>
    <property name="java.home" value="C:\Users\user\.jdks\openjdk-20.0.2"/>
    <property name="file.separator" value="\"/>
    <property name="basedir" value="C:\sema\ST-6\my-app"/>
    <property name="style.color" value="always"/>
    <property name="java.vm.compressedOopsMode" value="Zero based"/>
    <property name="line.separator" value="&#10;"/>
    <property name="java.vm.specification.vendor" value="Oracle Corporation"/>
    <property name="java.specification.name" value="Java Platform API Specification"/>
    <property name="surefire.real.class.path" value="C:\Users\user\AppData\Local\Temp\surefire3931455358280965791\surefirebooter-20250428152924054_29.jar"/>
    <property name="user.script" value=""/>
    <property name="sun.management.compiler" value="HotSpot 64-Bit Tiered Compilers"/>
    <property name="java.runtime.version" value="20.0.2+9-78"/>
    <property name="user.name" value="user"/>
    <property name="stdout.encoding" value="Cp1251"/>
    <property name="path.separator" value=";"/>
    <property name="os.version" value="10.0"/>
    <property name="java.runtime.name" value="OpenJDK Runtime Environment"/>
    <property name="file.encoding" value="UTF-8"/>
    <property name="java.vm.name" value="OpenJDK 64-Bit Server VM"/>
    <property name="localRepository" value="C:\Users\user\.m2\repository"/>
    <property name="java.vendor.url.bug" value="https://bugreport.java.com/bugreport/"/>
    <property name="java.io.tmpdir" value="C:\Users\user\AppData\Local\Temp\"/>
    <property name="java.version" value="20.0.2"/>
    <property name="user.dir" value="C:\sema\ST-6\my-app"/>
    <property name="os.arch" value="amd64"/>
    <property name="maven.multiModuleProjectDirectory" value="C:\sema\ST-6\my-app"/>
    <property name="java.vm.specification.name" value="Java Virtual Machine Specification"/>
    <property name="sun.os.patch.level" value=""/>
    <property name="native.encoding" value="Cp1251"/>
    <property name="java.library.path" value="C:\Users\user\.jdks\openjdk-20.0.2\bin;C:\Windows\Sun\Java\bin;C:\Windows\system32;C:\Windows;C:\Users\user\Downloads\maven-mvnd-1.0.2-windows-amd64\maven-mvnd-1.0.2-windows-amd64\bin;C:\Program Files\NVIDIA GPU Computing Toolkit\CUDA\v12.4\bin;C:\Program Files\NVIDIA GPU Computing Toolkit\CUDA\v12.4\libnvvp;C:\Program Files (x86)\Common Files\Intel\Shared Libraries\redist\intel64\compiler;C:\Windows\system32;C:\Windows;C:\Windows\System32\Wbem;C:\Windows\System32\WindowsPowerShell\v1.0\;C:\Windows\System32\OpenSSH\;C:\Program Files\dotnet\;C:\Program Files\Git\cmd;C:\Program Files\CMake\bin;C:\сема\opencv\build\x64\vc16\bin;C:\сема\opencv\build\x64\vc16\bin;C:\Program Files\NVIDIA Corporation\Nsight Compute 2024.1.1\;C:\Program Files (x86)\NVIDIA Corporation\PhysX\Common;C:\Program Files\NVIDIA Corporation\NVIDIA NvDLISR;C:\Program Files\PuTTY\;C:\Program Files\nodejs\;C:\Users\user\miniconda3\envs\tensorflow-v1.10;C:\Users\user\miniconda3\envs\tensorflow-v1.10\Library\mingw-w64\bin;C:\Users\user\miniconda3\envs\tensorflow-v1.10\Library\usr\bin;C:\Users\user\miniconda3\envs\tensorflow-v1.10\Library\;C:\Users\user\AppData\Local\Programs\Microsoft VS Code\bin;C:\Users\user\AppData\Roaming\npm;C:\Program Files\MiKTeX\miktex\bin\x64;C:\Users\user\AppData\Local\Programs\cursor\resources\app\bin;C:\sema\maven-mvnd-1.0.2-windows-amd64\bin;;."/>
    <property name="java.vm.info" value="mixed mode, sharing"/>
    <property name="stderr.encoding" value="Cp1251"/>
    <property name="java.vendor" value="Oracle Corporation"/>
    <property name="java.vm.version" value="20.0.2+9-78"/>
    <property name="sun.io.unicode.encoding" value="UnicodeLittle"/>
    <property name="java.class.version" value="64.0"/>
  </properties>
  <testcase name="testCheckStateDraw" classname="com.mycompany.app.GameTest" time="0.016"/>
  <testcase name="testGenerateMoves" classname="com.mycompany.app.GameTest" time="0.013"/>
  <testcase name="testCheckStateOWins" classname="com.mycompany.app.GameTest" time="0.002"/>
  <testcase name="testCheckStateXWins" classname="com.mycompany.app.GameTest" time="0.004"/>
  <testcase name="testEvaluatePositionXWins" classname="com.mycompany.app.GameTest" time="0.003"/>
  <testcase name="testInitialBoardIsEmpty" classname="com.mycompany.app.GameTest" time="0.002"/>
  <testcase name="testMinMax" classname="com.mycompany.app.GameTest" time="0.049">
    <system-out><![CDATA[
minimax:   2(100) 
minimax:   3(100) 
minimax:   4(100) 
minimax:   5(100) 
minimax:   6(100) 
minimax:   7(100) 
minimax:   8(100) 
minimax:   9(100) 
minimax best:   4(100) Steps counted: 23824]]></system-out>
  </testcase>
</testsuite>