<?xml version="1.0" encoding="UTF-8"?>
<testsuite xmlns:xsi="http://www.w3.org/2001/XMLSchema-instance" xsi:noNamespaceSchemaLocation="https://maven.apache.org/surefire/maven-surefire-plugin/xsd/surefire-test-report.xsd" version="3.0.1" name="com.mycompany.app.AppTest" time="0.558" tests="19" errors="0" skipped="0" failures="0">
  <properties>
    <property name="java.specification.version" value="23"/>
    <property name="sun.cpu.isalist" value="amd64"/>
    <property name="sun.jnu.encoding" value="Cp1251"/>
    <property name="sun.awt.enableExtraMouseButtons" value="true"/>
    <property name="java.class.path" value="D:\project\ST-6\my-app\target\test-classes;D:\project\ST-6\my-app\target\classes;C:\Users\bogda\.m2\repository\org\junit\jupiter\junit-jupiter-api\5.11.0\junit-jupiter-api-5.11.0.jar;C:\Users\bogda\.m2\repository\org\opentest4j\opentest4j\1.3.0\opentest4j-1.3.0.jar;C:\Users\bogda\.m2\repository\org\junit\platform\junit-platform-commons\1.11.0\junit-platform-commons-1.11.0.jar;C:\Users\bogda\.m2\repository\org\apiguardian\apiguardian-api\1.1.2\apiguardian-api-1.1.2.jar;C:\Users\bogda\.m2\repository\org\junit\jupiter\junit-jupiter-params\5.11.0\junit-jupiter-params-5.11.0.jar;"/>
    <property name="java.vm.vendor" value="Oracle Corporation"/>
    <property name="sun.arch.data.model" value="64"/>
    <property name="user.variant" value=""/>
    <property name="java.vendor.url" value="https://java.oracle.com/"/>
    <property name="user.timezone" value="Europe/Moscow"/>
    <property name="os.name" value="Windows 10"/>
    <property name="java.vm.specification.version" value="23"/>
    <property name="sun.java.launcher" value="SUN_STANDARD"/>
    <property name="user.country" value="RU"/>
    <property name="sun.boot.library.path" value="C:\Users\bogda\.jdks\openjdk-23.0.2\bin"/>
    <property name="sun.java.command" value="C:\Users\bogda\AppData\Local\Temp\surefire350893062350290478\surefirebooter-20250511195415983_3.jar C:\Users\bogda\AppData\Local\Temp\surefire350893062350290478 2025-05-11T19-54-15_815-jvmRun1 surefire-20250511195415983_1tmp surefire_0-20250511195415983_2tmp"/>
    <property name="jdk.debug" value="release"/>
    <property name="surefire.test.class.path" value="D:\project\ST-6\my-app\target\test-classes;D:\project\ST-6\my-app\target\classes;C:\Users\bogda\.m2\repository\org\junit\jupiter\junit-jupiter-api\5.11.0\junit-jupiter-api-5.11.0.jar;C:\Users\bogda\.m2\repository\org\opentest4j\opentest4j\1.3.0\opentest4j-1.3.0.jar;C:\Users\bogda\.m2\repository\org\junit\platform\junit-platform-commons\1.11.0\junit-platform-commons-1.11.0.jar;C:\Users\bogda\.m2\repository\org\apiguardian\apiguardian-api\1.1.2\apiguardian-api-1.1.2.jar;C:\Users\bogda\.m2\repository\org\junit\jupiter\junit-jupiter-params\5.11.0\junit-jupiter-params-5.11.0.jar;"/>
    <property name="sun.cpu.endian" value="little"/>
    <property name="user.home" value="C:\Users\bogda"/>
    <property name="user.language" value="ru"/>
    <property name="java.specification.vendor" value="Oracle Corporation"/>
    <property name="java.version.date" value="2025-01-21"/>
    <property name="java.home" value="C:\Users\bogda\.jdks\openjdk-23.0.2"/>
    <property name="file.separator" value="\"/>
    <property name="basedir" value="D:\project\ST-6\my-app"/>
    <property name="java.vm.compressedOopsMode" value="Zero based"/>
    <property name="line.separator" value="&#10;"/>
    <property name="java.vm.specification.vendor" value="Oracle Corporation"/>
    <property name="java.specification.name" value="Java Platform API Specification"/>
    <property name="surefire.real.class.path" value="C:\Users\bogda\AppData\Local\Temp\surefire350893062350290478\surefirebooter-20250511195415983_3.jar"/>
    <property name="user.script" value=""/>
    <property name="sun.management.compiler" value="HotSpot 64-Bit Tiered Compilers"/>
    <property name="java.runtime.version" value="23.0.2+7-58"/>
    <property name="user.name" value="bogda"/>
    <property name="stdout.encoding" value="Cp1251"/>
    <property name="path.separator" value=";"/>
    <property name="os.version" value="10.0"/>
    <property name="java.runtime.name" value="OpenJDK Runtime Environment"/>
    <property name="file.encoding" value="UTF-8"/>
    <property name="java.vm.name" value="OpenJDK 64-Bit Server VM"/>
    <property name="localRepository" value="C:\Users\bogda\.m2\repository"/>
    <property name="java.vendor.url.bug" value="https://bugreport.java.com/bugreport/"/>
    <property name="java.io.tmpdir" value="C:\Users\bogda\AppData\Local\Temp\"/>
    <property name="java.version" value="23.0.2"/>
    <property name="user.dir" value="D:\project\ST-6\my-app"/>
    <property name="os.arch" value="amd64"/>
    <property name="java.vm.specification.name" value="Java Virtual Machine Specification"/>
    <property name="sun.os.patch.level" value=""/>
    <property name="native.encoding" value="Cp1251"/>
    <property name="java.library.path" value="C:\Users\bogda\.jdks\openjdk-23.0.2\bin;C:\WINDOWS\Sun\Java\bin;C:\WINDOWS\system32;C:\WINDOWS;C:\Program Files\Microsoft MPI\Bin\;C:\Users\bogda\gcc\bin;C:\Users\bogda\gcc\libexec\gcc\x86_64-w64-mingw32\12.3.0;C:\WINDOWS\system32;C:\WINDOWS;C:\WINDOWS\System32\Wbem;C:\WINDOWS\System32\WindowsPowerShell\v1.0\;C:\WINDOWS\System32\OpenSSH\;C:\Program Files\Git\cmd;C:\Program Files\CMake\bin;C:\Program Files (x86)\Windows Kits\10\Windows Performance Toolkit\;C:\ProgramData\chocolatey\bin;D:\clang\LLVM\bin;C:\Program Files\dotnet\;C:\Users\bogda\AppData\Local\Programs\Python\Python313\Scripts\;C:\Users\bogda\AppData\Local\Programs\Python\Python313\;C:\Users\bogda\AppData\Local\Programs\Python\Launcher\;C:\Users\bogda\AppData\Local\Microsoft\WindowsApps;D:\vs_code\Microsoft VS Code\bin;C:\Users\bogda\AppData\Local\JetBrains\Toolbox\scripts;C:\Users\bogda\.dotnet\tools;D:\apache-maven-3.9.9\bin;C:\Users\bogda\.jdks\openjdk-23.0.2\bin;;."/>
    <property name="java.vm.info" value="mixed mode, sharing"/>
    <property name="stderr.encoding" value="Cp1251"/>
    <property name="java.vendor" value="Oracle Corporation"/>
    <property name="java.vm.version" value="23.0.2+7-58"/>
    <property name="sun.io.unicode.encoding" value="UnicodeLittle"/>
    <property name="java.class.version" value="67.0"/>
  </properties>
  <testcase name="evaluatePosition_XWins_ReturnsInf" classname="com.mycompany.app.AppTest" time="0.052"/>
  <testcase name="checkState_ContinuePlaying_ReturnsPlaying" classname="com.mycompany.app.AppTest" time="0.004"/>
  <testcase name="checkState_XWinsHorizontal_ReturnsXWin" classname="com.mycompany.app.AppTest" time="0.002"/>
  <testcase name="checkState_Draw_ReturnsDraw" classname="com.mycompany.app.AppTest" time="0.001"/>
  <testcase name="MaxMove_ReturnsWinningMoveValue" classname="com.mycompany.app.AppTest" time="0.005"/>
  <testcase name="evaluatePosition_UnfinishedGame_ReturnsMinusOne" classname="com.mycompany.app.AppTest" time="0.002"/>
  <testcase name="checkState_PlayingWhenEmptyCellsExist" classname="com.mycompany.app.AppTest" time="0.002"/>
  <testcase name="Program_MainStartsWithoutErrors" classname="com.mycompany.app.AppTest" time="0.333"/>
  <testcase name="Player_SetSymbolChangesValue" classname="com.mycompany.app.AppTest" time="0.002"/>
  <testcase name="TicTacToeCell_GettersReturnCorrectValues" classname="com.mycompany.app.AppTest" time="0.003"/>
  <testcase name="gameInitialization_DefaultValues" classname="com.mycompany.app.AppTest" time="0.005"/>
  <testcase name="TicTacToeCell_SetMarker_DisablesButtonAndSetsText" classname="com.mycompany.app.AppTest" time="0.029"/>
  <testcase name="evaluatePosition_Draw_ReturnsZero" classname="com.mycompany.app.AppTest" time="0.004"/>
  <testcase name="MaxMove_ReturnsOptimalValue" classname="com.mycompany.app.AppTest" time="0.016"/>
  <testcase name="generateMoves_FullBoard_ReturnsEmptyList" classname="com.mycompany.app.AppTest" time="0.002"/>
  <testcase name="Game_MinMove_ReturnsCorrectValue" classname="com.mycompany.app.AppTest" time="0.015"/>
  <testcase name="checkState_OWinsDiagonal_ReturnsOWin" classname="com.mycompany.app.AppTest" time="0.002"/>
  <testcase name="checkState_OWinsVertical_ReturnsOWin" classname="com.mycompany.app.AppTest" time="0.002"/>
  <testcase name="TicTacToePanel_InitializationCreates9Cells" classname="com.mycompany.app.AppTest" time="0.003"/>
</testsuite>